2026-05-19 17:06:01,046 INFO o.a.j.u.JMeterUtils: Setting Locale to en_EN
2026-05-19 17:06:01,077 INFO o.a.j.JMeter: Loading user properties from: C:\Users\Camt9\Downloads\apache-jmeter-5.6.3\apache-jmeter-5.6.3\bin\user.properties
2026-05-19 17:06:01,078 INFO o.a.j.JMeter: Loading system properties from: C:\Users\Camt9\Downloads\apache-jmeter-5.6.3\apache-jmeter-5.6.3\bin\system.properties
2026-05-19 17:06:01,091 INFO o.a.j.JMeter: Copyright (c) 1998-2024 The Apache Software Foundation
2026-05-19 17:06:01,091 INFO o.a.j.JMeter: Version 5.6.3
2026-05-19 17:06:01,091 INFO o.a.j.JMeter: java.version=17.0.12
2026-05-19 17:06:01,091 INFO o.a.j.JMeter: java.vm.name=Java HotSpot(TM) 64-Bit Server VM
2026-05-19 17:06:01,091 INFO o.a.j.JMeter: os.name=Windows 11
2026-05-19 17:06:01,091 INFO o.a.j.JMeter: os.arch=amd64
2026-05-19 17:06:01,091 INFO o.a.j.JMeter: os.version=10.0
2026-05-19 17:06:01,091 INFO o.a.j.JMeter: file.encoding=Cp1252
2026-05-19 17:06:01,091 INFO o.a.j.JMeter: java.awt.headless=true
2026-05-19 17:06:01,091 INFO o.a.j.JMeter: Max memory     =4294967296
2026-05-19 17:06:01,091 INFO o.a.j.JMeter: Available Processors =8
2026-05-19 17:06:01,103 INFO o.a.j.JMeter: Default Locale=English (EN)
2026-05-19 17:06:01,103 INFO o.a.j.JMeter: JMeter  Locale=English (EN)
2026-05-19 17:06:01,103 INFO o.a.j.JMeter: JMeterHome=C:\Users\Camt9\Downloads\apache-jmeter-5.6.3\apache-jmeter-5.6.3
2026-05-19 17:06:01,103 INFO o.a.j.JMeter: user.dir  =C:\DATLTN\testing\performance
2026-05-19 17:06:01,103 INFO o.a.j.JMeter: PWD       =C:\DATLTN\testing\performance
2026-05-19 17:06:01,104 INFO o.a.j.JMeter: IP: 10.0.110.85 Name: AnAn FullName: AnAn
2026-05-19 17:06:01,141 ERROR o.a.j.JMeter: An error occurred: 
org.apache.jmeter.report.config.ConfigurationException: The file C:\DATLTN\testing\performance\jmeter\load-tests\modis-load-test.jmx doesn't exist or can't be opened
	at org.apache.jmeter.JMeter.runNonGui(JMeter.java:950) ~[ApacheJMeter_core.jar:5.6.3]
	at org.apache.jmeter.JMeter.startNonGui(JMeter.java:940) ~[ApacheJMeter_core.jar:5.6.3]
	at org.apache.jmeter.JMeter.start(JMeter.java:508) [ApacheJMeter_core.jar:5.6.3]
	at java.base/jdk.internal.reflect.NativeMethodAccessorImpl.invoke0(Native Method) ~[?:?]
	at java.base/jdk.internal.reflect.NativeMethodAccessorImpl.invoke(NativeMethodAccessorImpl.java:77) ~[?:?]
	at java.base/jdk.internal.reflect.DelegatingMethodAccessorImpl.invoke(DelegatingMethodAccessorImpl.java:43) ~[?:?]
	at java.base/java.lang.reflect.Method.invoke(Method.java:568) ~[?:?]
	at org.apache.jmeter.NewDriver.main(NewDriver.java:259) [ApacheJMeter.jar:5.6.3]
